# JRE version: OpenJDK Runtime Environment (8.0_242-b01) (build 1.8.0_242-release-1644-b01)
# Java VM: OpenJDK 64-Bit Server VM (25.242-b01 mixed mode windows-amd64 compressed oops)
Heap:
 PSYoungGen      total 60928K, used 39946K [0x00000000d5580000, 0x00000000d9d00000, 0x0000000100000000)
  eden space 50688K, 64% used [0x00000000d5580000,0x00000000d75a7ed0,0x00000000d8700000)
  from space 10240K, 68% used [0x00000000d9300000,0x00000000d99dab68,0x00000000d9d00000)
  to   space 11264K, 0% used [0x00000000d8700000,0x00000000d8700000,0x00000000d9200000)
 ParOldGen       total 58368K, used 19620K [0x0000000080000000, 0x0000000083900000, 0x00000000d5580000)
  object space 58368K, 33% used [0x0000000080000000,0x0000000081329040,0x0000000083900000)
 Metaspace       used 51413K, capacity 53052K, committed 53288K, reserved 1095680K
  class space    used 6825K, capacity 7194K, committed 7216K, reserved 1048576K
GC Heap History (10 events):
Event: 76.912 GC heap before
{Heap before GC invocations=12 (full 1):
 PSYoungGen      total 66048K, used 35051K [0x00000000d5580000, 0x00000000da300000, 0x0000000100000000)
  eden space 55808K, 48% used [0x00000000d5580000,0x00000000d6fc0ae0,0x00000000d8c00000)
  from space 10240K, 79% used [0x00000000d9900000,0x00000000da0fa338,0x00000000da300000)
  to   space 11776K, 0% used [0x00000000d8c00000,0x00000000d8c00000,0x00000000d9780000)
 ParOldGen       total 49152K, used 7330K [0x0000000080000000, 0x0000000083000000, 0x00000000d5580000)
  object space 49152K, 14% used [0x0000000080000000,0x0000000080728a18,0x0000000083000000)
 Metaspace       used 34557K, capacity 35406K, committed 35496K, reserved 1079296K
  class space    used 4734K, capacity 4998K, committed 5040K, reserved 1048576K
Event: 76.922 GC heap after
Heap after GC invocations=12 (full 1):
 PSYoungGen      total 56320K, used 1927K [0x00000000d5580000, 0x00000000da180000, 0x0000000100000000)
  eden space 54272K, 0% used [0x00000000d5580000,0x00000000d5580000,0x00000000d8a80000)
  from space 2048K, 94% used [0x00000000d8c00000,0x00000000d8de1c38,0x00000000d8e00000)
  to   space 11776K, 0% used [0x00000000d9600000,0x00000000d9600000,0x00000000da180000)
 ParOldGen       total 49152K, used 13350K [0x0000000080000000, 0x0000000083000000, 0x00000000d5580000)
  object space 49152K, 27% used [0x0000000080000000,0x0000000080d09a98,0x0000000083000000)
 Metaspace       used 34557K, capacity 35406K, committed 35496K, reserved 1079296K
  class space    used 4734K, capacity 4998K, committed 5040K, reserved 1048576K
}
Event: 76.922 GC heap before
{Heap before GC invocations=13 (full 2):
 PSYoungGen      total 56320K, used 1927K [0x00000000d5580000, 0x00000000da180000, 0x0000000100000000)
  eden space 54272K, 0% used [0x00000000d5580000,0x00000000d5580000,0x00000000d8a80000)
  from space 2048K, 94% used [0x00000000d8c00000,0x00000000d8de1c38,0x00000000d8e00000)
  to   space 11776K, 0% used [0x00000000d9600000,0x00000000d9600000,0x00000000da180000)
 ParOldGen       total 49152K, used 13350K [0x0000000080000000, 0x0000000083000000, 0x00000000d5580000)
  object space 49152K, 27% used [0x0000000080000000,0x0000000080d09a98,0x0000000083000000)
 Metaspace       used 34557K, capacity 35406K, committed 35496K, reserved 1079296K
  class space    used 4734K, capacity 4998K, committed 5040K, reserved 1048576K
Event: 77.138 GC heap after
Heap after GC invocations=13 (full 2):
 PSYoungGen      total 56320K, used 0K [0x00000000d5580000, 0x00000000da180000, 0x0000000100000000)
  eden space 54272K, 0% used [0x00000000d5580000,0x00000000d5580000,0x00000000d8a80000)
  from space 2048K, 0% used [0x00000000d8c00000,0x00000000d8c00000,0x00000000d8e00000)
  to   space 11776K, 0% used [0x00000000d9600000,0x00000000d9600000,0x00000000da180000)
 ParOldGen       total 58368K, used 14882K [0x0000000080000000, 0x0000000083900000, 0x00000000d5580000)
  object space 58368K, 25% used [0x0000000080000000,0x0000000080e88940,0x0000000083900000)
 Metaspace       used 34557K, capacity 35406K, committed 35496K, reserved 1079296K
  class space    used 4734K, capacity 4998K, committed 5040K, reserved 1048576K
}
Event: 94.164 GC heap before
{Heap before GC invocations=14 (full 2):
 PSYoungGen      total 56320K, used 54272K [0x00000000d5580000, 0x00000000da180000, 0x0000000100000000)
  eden space 54272K, 100% used [0x00000000d5580000,0x00000000d8a80000,0x00000000d8a80000)
  from space 2048K, 0% used [0x00000000d8c00000,0x00000000d8c00000,0x00000000d8e00000)
  to   space 11776K, 0% used [0x00000000d9600000,0x00000000d9600000,0x00000000da180000)
 ParOldGen       total 58368K, used 14882K [0x0000000080000000, 0x0000000083900000, 0x00000000d5580000)
  object space 58368K, 25% used [0x0000000080000000,0x0000000080e88940,0x0000000083900000)
 Metaspace       used 36939K, capacity 38172K, committed 38440K, reserved 1083392K
  class space    used 5088K, capacity 5405K, committed 5424K, reserved 1048576K
Event: 94.203 GC heap after
Heap after GC invocations=14 (full 2):
 PSYoungGen      total 61952K, used 5082K [0x00000000d5580000, 0x00000000d9f00000, 0x0000000100000000)
  eden space 52736K, 0% used [0x00000000d5580000,0x00000000d5580000,0x00000000d8900000)
  from space 9216K, 55% used [0x00000000d9600000,0x00000000d9af69a8,0x00000000d9f00000)
  to   space 11264K, 0% used [0x00000000d8900000,0x00000000d8900000,0x00000000d9400000)
 ParOldGen       total 58368K, used 14882K [0x0000000080000000, 0x0000000083900000, 0x00000000d5580000)
  object space 58368K, 25% used [0x0000000080000000,0x0000000080e88940,0x0000000083900000)
 Metaspace       used 36939K, capacity 38172K, committed 38440K, reserved 1083392K
  class space    used 5088K, capacity 5405K, committed 5424K, reserved 1048576K
}
Event: 109.856 GC heap before
{Heap before GC invocations=15 (full 2):
 PSYoungGen      total 61952K, used 57818K [0x00000000d5580000, 0x00000000d9f00000, 0x0000000100000000)
  eden space 52736K, 100% used [0x00000000d5580000,0x00000000d8900000,0x00000000d8900000)
  from space 9216K, 55% used [0x00000000d9600000,0x00000000d9af69a8,0x00000000d9f00000)
  to   space 11264K, 0% used [0x00000000d8900000,0x00000000d8900000,0x00000000d9400000)
 ParOldGen       total 58368K, used 14882K [0x0000000080000000, 0x0000000083900000, 0x00000000d5580000)
  object space 58368K, 25% used [0x0000000080000000,0x0000000080e88940,0x0000000083900000)
 Metaspace       used 43597K, capacity 45118K, committed 45224K, reserved 1087488K
  class space    used 5906K, capacity 6263K, committed 6320K, reserved 1048576K
Event: 109.865 GC heap after
Heap after GC invocations=15 (full 2):
 PSYoungGen      total 58368K, used 6533K [0x00000000d5580000, 0x00000000d9e00000, 0x0000000100000000)
  eden space 51712K, 0% used [0x00000000d5580000,0x00000000d5580000,0x00000000d8800000)
  from space 6656K, 98% used [0x00000000d8900000,0x00000000d8f615d8,0x00000000d8f80000)
  to   space 11264K, 0% used [0x00000000d9300000,0x00000000d9300000,0x00000000d9e00000)
 ParOldGen       total 58368K, used 18012K [0x0000000080000000, 0x0000000083900000, 0x00000000d5580000)
  object space 58368K, 30% used [0x0000000080000000,0x00000000811971a0,0x0000000083900000)
 Metaspace       used 43597K, capacity 45118K, committed 45224K, reserved 1087488K
  class space    used 5906K, capacity 6263K, committed 6320K, reserved 1048576K
}
Event: 126.862 GC heap before
{Heap before GC invocations=16 (full 2):
 PSYoungGen      total 58368K, used 58245K [0x00000000d5580000, 0x00000000d9e00000, 0x0000000100000000)
  eden space 51712K, 100% used [0x00000000d5580000,0x00000000d8800000,0x00000000d8800000)
  from space 6656K, 98% used [0x00000000d8900000,0x00000000d8f615d8,0x00000000d8f80000)
  to   space 11264K, 0% used [0x00000000d9300000,0x00000000d9300000,0x00000000d9e00000)
 ParOldGen       total 58368K, used 18012K [0x0000000080000000, 0x0000000083900000, 0x00000000d5580000)
  object space 58368K, 30% used [0x0000000080000000,0x00000000811971a0,0x0000000083900000)
 Metaspace       used 47436K, capacity 49064K, committed 49320K, reserved 1091584K
  class space    used 6364K, capacity 6756K, committed 6832K, reserved 1048576K
Event: 126.905 GC heap after
Heap after GC invocations=16 (full 2):
 PSYoungGen      total 60928K, used 7018K [0x00000000d5580000, 0x00000000d9d00000, 0x0000000100000000)
  eden space 50688K, 0% used [0x00000000d5580000,0x00000000d5580000,0x00000000d8700000)
  from space 10240K, 68% used [0x00000000d9300000,0x00000000d99dab68,0x00000000d9d00000)
  to   space 11264K, 0% used [0x00000000d8700000,0x00000000d8700000,0x00000000d9200000)
 ParOldGen       total 58368K, used 19620K [0x0000000080000000, 0x0000000083900000, 0x00000000d5580000)
  object space 58368K, 33% used [0x0000000080000000,0x0000000081329040,0x0000000083900000)
 Metaspace       used 47436K, capacity 49064K, committed 49320K, reserved 1091584K
  class space    used 6364K, capacity 6756K, committed 6832K, reserved 1048576K
}

