# JRE version: OpenJDK Runtime Environment (8.0_242-b01) (build 1.8.0_242-release-1644-b01)
# Java VM: OpenJDK 64-Bit Server VM (25.242-b01 mixed mode windows-amd64 compressed oops)
Heap:
 PSYoungGen      total 55296K, used 50162K [0x00000000d5580000, 0x00000000d9600000, 0x0000000100000000)
  eden space 46592K, 91% used [0x00000000d5580000,0x00000000d7f59ad8,0x00000000d8300000)
  from space 8704K, 83% used [0x00000000d8c80000,0x00000000d93a2f10,0x00000000d9500000)
  to   space 9728K, 0% used [0x00000000d8300000,0x00000000d8300000,0x00000000d8c80000)
 ParOldGen       total 67072K, used 21033K [0x0000000080000000, 0x0000000084180000, 0x00000000d5580000)
  object space 67072K, 31% used [0x0000000080000000,0x000000008148a410,0x0000000084180000)
 Metaspace       used 52390K, capacity 54236K, committed 54568K, reserved 1095680K
  class space    used 6954K, capacity 7345K, committed 7464K, reserved 1048576K
GC Heap History (10 events):
Event: 88.855 GC heap before
{Heap before GC invocations=20 (full 2):
 PSYoungGen      total 36864K, used 27136K [0x00000000d5580000, 0x00000000d8c00000, 0x0000000100000000)
  eden space 27136K, 100% used [0x00000000d5580000,0x00000000d7000000,0x00000000d7000000)
  from space 9728K, 0% used [0x00000000d7000000,0x00000000d7000000,0x00000000d7980000)
  to   space 9728K, 0% used [0x00000000d8280000,0x00000000d8280000,0x00000000d8c00000)
 ParOldGen       total 67072K, used 14290K [0x0000000080000000, 0x0000000084180000, 0x00000000d5580000)
  object space 67072K, 21% used [0x0000000080000000,0x0000000080df4830,0x0000000084180000)
 Metaspace       used 35252K, capacity 36384K, committed 36648K, reserved 1081344K
  class space    used 4821K, capacity 5094K, committed 5160K, reserved 1048576K
Event: 88.874 GC heap after
Heap after GC invocations=20 (full 2):
 PSYoungGen      total 46080K, used 2200K [0x00000000d5580000, 0x00000000d8b80000, 0x0000000100000000)
  eden space 36864K, 0% used [0x00000000d5580000,0x00000000d5580000,0x00000000d7980000)
  from space 9216K, 23% used [0x00000000d8280000,0x00000000d84a62c8,0x00000000d8b80000)
  to   space 9216K, 0% used [0x00000000d7980000,0x00000000d7980000,0x00000000d8280000)
 ParOldGen       total 67072K, used 14298K [0x0000000080000000, 0x0000000084180000, 0x00000000d5580000)
  object space 67072K, 21% used [0x0000000080000000,0x0000000080df6830,0x0000000084180000)
 Metaspace       used 35252K, capacity 36384K, committed 36648K, reserved 1081344K
  class space    used 4821K, capacity 5094K, committed 5160K, reserved 1048576K
}
Event: 89.772 GC heap before
{Heap before GC invocations=21 (full 2):
 PSYoungGen      total 46080K, used 39064K [0x00000000d5580000, 0x00000000d8b80000, 0x0000000100000000)
  eden space 36864K, 100% used [0x00000000d5580000,0x00000000d7980000,0x00000000d7980000)
  from space 9216K, 23% used [0x00000000d8280000,0x00000000d84a62c8,0x00000000d8b80000)
  to   space 9216K, 0% used [0x00000000d7980000,0x00000000d7980000,0x00000000d8280000)
 ParOldGen       total 67072K, used 14298K [0x0000000080000000, 0x0000000084180000, 0x00000000d5580000)
  object space 67072K, 21% used [0x0000000080000000,0x0000000080df6830,0x0000000084180000)
 Metaspace       used 36670K, capacity 37942K, committed 38184K, reserved 1081344K
  class space    used 5028K, capacity 5342K, committed 5416K, reserved 1048576K
Event: 89.777 GC heap after
Heap after GC invocations=21 (full 2):
 PSYoungGen      total 46080K, used 3084K [0x00000000d5580000, 0x00000000d9680000, 0x0000000100000000)
  eden space 36864K, 0% used [0x00000000d5580000,0x00000000d5580000,0x00000000d7980000)
  from space 9216K, 33% used [0x00000000d7980000,0x00000000d7c83168,0x00000000d8280000)
  to   space 8704K, 0% used [0x00000000d8e00000,0x00000000d8e00000,0x00000000d9680000)
 ParOldGen       total 67072K, used 15802K [0x0000000080000000, 0x0000000084180000, 0x00000000d5580000)
  object space 67072K, 23% used [0x0000000080000000,0x0000000080f6e850,0x0000000084180000)
 Metaspace       used 36670K, capacity 37942K, committed 38184K, reserved 1081344K
  class space    used 5028K, capacity 5342K, committed 5416K, reserved 1048576K
}
Event: 103.899 GC heap before
{Heap before GC invocations=22 (full 2):
 PSYoungGen      total 46080K, used 39948K [0x00000000d5580000, 0x00000000d9680000, 0x0000000100000000)
  eden space 36864K, 100% used [0x00000000d5580000,0x00000000d7980000,0x00000000d7980000)
  from space 9216K, 33% used [0x00000000d7980000,0x00000000d7c83168,0x00000000d8280000)
  to   space 8704K, 0% used [0x00000000d8e00000,0x00000000d8e00000,0x00000000d9680000)
 ParOldGen       total 67072K, used 15802K [0x0000000080000000, 0x0000000084180000, 0x00000000d5580000)
  object space 67072K, 23% used [0x0000000080000000,0x0000000080f6e850,0x0000000084180000)
 Metaspace       used 37919K, capacity 39414K, committed 39720K, reserved 1083392K
  class space    used 5201K, capacity 5565K, committed 5672K, reserved 1048576K
Event: 103.918 GC heap after
Heap after GC invocations=22 (full 2):
 PSYoungGen      total 55808K, used 3427K [0x00000000d5580000, 0x00000000d9500000, 0x0000000100000000)
  eden space 48640K, 0% used [0x00000000d5580000,0x00000000d5580000,0x00000000d8500000)
  from space 7168K, 47% used [0x00000000d8e00000,0x00000000d9158ed0,0x00000000d9500000)
  to   space 8192K, 0% used [0x00000000d8500000,0x00000000d8500000,0x00000000d8d00000)
 ParOldGen       total 67072K, used 17048K [0x0000000080000000, 0x0000000084180000, 0x00000000d5580000)
  object space 67072K, 25% used [0x0000000080000000,0x00000000810a60a0,0x0000000084180000)
 Metaspace       used 37919K, capacity 39414K, committed 39720K, reserved 1083392K
  class space    used 5201K, capacity 5565K, committed 5672K, reserved 1048576K
}
Event: 118.861 GC heap before
{Heap before GC invocations=23 (full 2):
 PSYoungGen      total 55808K, used 52067K [0x00000000d5580000, 0x00000000d9500000, 0x0000000100000000)
  eden space 48640K, 100% used [0x00000000d5580000,0x00000000d8500000,0x00000000d8500000)
  from space 7168K, 47% used [0x00000000d8e00000,0x00000000d9158ed0,0x00000000d9500000)
  to   space 8192K, 0% used [0x00000000d8500000,0x00000000d8500000,0x00000000d8d00000)
 ParOldGen       total 67072K, used 17048K [0x0000000080000000, 0x0000000084180000, 0x00000000d5580000)
  object space 67072K, 25% used [0x0000000080000000,0x00000000810a60a0,0x0000000084180000)
 Metaspace       used 44267K, capacity 45920K, committed 46120K, reserved 1089536K
  class space    used 5969K, capacity 6375K, committed 6440K, reserved 1048576K
Event: 118.874 GC heap after
Heap after GC invocations=23 (full 2):
 PSYoungGen      total 54272K, used 6230K [0x00000000d5580000, 0x00000000d9500000, 0x0000000100000000)
  eden space 47616K, 0% used [0x00000000d5580000,0x00000000d5580000,0x00000000d8400000)
  from space 6656K, 93% used [0x00000000d8500000,0x00000000d8b15b40,0x00000000d8b80000)
  to   space 8704K, 0% used [0x00000000d8c80000,0x00000000d8c80000,0x00000000d9500000)
 ParOldGen       total 67072K, used 19544K [0x0000000080000000, 0x0000000084180000, 0x00000000d5580000)
  object space 67072K, 29% used [0x0000000080000000,0x0000000081316140,0x0000000084180000)
 Metaspace       used 44267K, capacity 45920K, committed 46120K, reserved 1089536K
  class space    used 5969K, capacity 6375K, committed 6440K, reserved 1048576K
}
Event: 136.062 GC heap before
{Heap before GC invocations=24 (full 2):
 PSYoungGen      total 54272K, used 53846K [0x00000000d5580000, 0x00000000d9500000, 0x0000000100000000)
  eden space 47616K, 100% used [0x00000000d5580000,0x00000000d8400000,0x00000000d8400000)
  from space 6656K, 93% used [0x00000000d8500000,0x00000000d8b15b40,0x00000000d8b80000)
  to   space 8704K, 0% used [0x00000000d8c80000,0x00000000d8c80000,0x00000000d9500000)
 ParOldGen       total 67072K, used 19544K [0x0000000080000000, 0x0000000084180000, 0x00000000d5580000)
  object space 67072K, 29% used [0x0000000080000000,0x0000000081316140,0x0000000084180000)
 Metaspace       used 47819K, capacity 49554K, committed 49832K, reserved 1091584K
  class space    used 6427K, capacity 6806K, committed 6824K, reserved 1048576K
Event: 136.077 GC heap after
Heap after GC invocations=24 (full 2):
 PSYoungGen      total 55296K, used 7307K [0x00000000d5580000, 0x00000000d9600000, 0x0000000100000000)
  eden space 46592K, 0% used [0x00000000d5580000,0x00000000d5580000,0x00000000d8300000)
  from space 8704K, 83% used [0x00000000d8c80000,0x00000000d93a2f10,0x00000000d9500000)
  to   space 9728K, 0% used [0x00000000d8300000,0x00000000d8300000,0x00000000d8c80000)
 ParOldGen       total 67072K, used 21033K [0x0000000080000000, 0x0000000084180000, 0x00000000d5580000)
  object space 67072K, 31% used [0x0000000080000000,0x000000008148a410,0x0000000084180000)
 Metaspace       used 47819K, capacity 49554K, committed 49832K, reserved 1091584K
  class space    used 6427K, capacity 6806K, committed 6824K, reserved 1048576K
}

